#
# There is insufficient memory for the Java Runtime Environment to continue.
# Native memory allocation (malloc) failed to allocate 559616 bytes for Chunk::new
# Possible reasons:
#   The system is out of physical RAM or swap space
#   In 32 bit mode, the process size limit was hit
# Possible solutions:
#   Reduce memory load on the system
#   Increase physical memory or swap space
#   Check if swap backing store is full
#   Use 64 bit Java on a 64 bit OS
#   Decrease Java heap size (-Xmx/-Xms)
#   Decrease number of Java threads
#   Decrease Java thread stack sizes (-Xss)
#   Set larger code cache with -XX:ReservedCodeCacheSize=
# This output file may be truncated or incomplete.
#
#  Out of Memory Error (allocation.cpp:390), pid=5168, tid=0x0000000000001a64
#
# JRE version: Java(TM) SE Runtime Environment (8.0_101-b13) (build 1.8.0_101-b13)
# Java VM: Java HotSpot(TM) 64-Bit Server VM (25.101-b13 mixed mode windows-amd64 compressed oops)
# Failed to write core dump. Minidumps are not enabled by default on client versions of Windows
#

---------------  T H R E A D  ---------------

Current thread (0x0000000055107000):  JavaThread "C2 CompilerThread0" daemon [_thread_in_native, id=6756, stack(0x0000000056280000,0x0000000056380000)]

Stack: [0x0000000056280000,0x0000000056380000]
[error occurred during error reporting (printing stack bounds), id 0xc0000005]

Native frames: (J=compiled Java code, j=interpreted, Vv=VM code, C=native code)


Current CompileTask:
C2:  16907 2635       4       com.android.dx.dex.code.LocalList::make (102 bytes)


---------------  P R O C E S S  ---------------

Java Threads: ( => current thread )
  0x0000000056f75000 JavaThread "pool-1-thread-1" [_thread_in_Java, id=6792, stack(0x0000000057440000,0x0000000057540000)]
  0x0000000056cdc000 JavaThread "Service Thread" daemon [_thread_blocked, id=5556, stack(0x0000000057090000,0x0000000057190000)]
  0x000000005510c000 JavaThread "C1 CompilerThread2" daemon [_thread_blocked, id=5688, stack(0x0000000056b50000,0x0000000056c50000)]
  0x000000005510b000 JavaThread "C2 CompilerThread1" daemon [_thread_in_native, id=7016, stack(0x00000000568b0000,0x00000000569b0000)]
=>0x0000000055107000 JavaThread "C2 CompilerThread0" daemon [_thread_in_native, id=6756, stack(0x0000000056280000,0x0000000056380000)]
  0x0000000055102800 JavaThread "Attach Listener" daemon [_thread_blocked, id=7072, stack(0x0000000056790000,0x0000000056890000)]
  0x0000000055101000 JavaThread "Signal Dispatcher" daemon [_thread_blocked, id=6664, stack(0x0000000056610000,0x0000000056710000)]
  0x00000000550e9800 JavaThread "Finalizer" daemon [_thread_blocked, id=6644, stack(0x0000000056420000,0x0000000056520000)]
  0x00000000550a2000 JavaThread "Reference Handler" daemon [_thread_blocked, id=4268, stack(0x0000000056160000,0x0000000056260000)]
  0x000000000228e000 JavaThread "main" [_thread_blocked, id=6836, stack(0x00000000025b0000,0x00000000026b0000)]

Other Threads:
  0x000000005509a800 VMThread [stack: 0x0000000056000000,0x0000000056100000] [id=6804]
  0x0000000056cef800 WatcherThread [stack: 0x00000000571f0000,0x00000000572f0000] [id=6656]

VM state:not at safepoint (normal execution)

VM Mutex/Monitor currently owned by a thread: None

Heap:
 PSYoungGen      total 136192K, used 38711K [0x00000000eab00000, 0x00000000fdf00000, 0x0000000100000000)
  eden space 131072K, 25% used [0x00000000eab00000,0x00000000ecbd0b48,0x00000000f2b00000)
  from space 5120K, 99% used [0x00000000f2b00000,0x00000000f2ffd0f0,0x00000000f3000000)
  to   space 26624K, 0% used [0x00000000fc500000,0x00000000fc500000,0x00000000fdf00000)
 ParOldGen       total 86016K, used 43593K [0x00000000c0000000, 0x00000000c5400000, 0x00000000eab00000)
  object space 86016K, 50% used [0x00000000c0000000,0x00000000c2a92630,0x00000000c5400000)
 Metaspace       used 6810K, capacity 7544K, committed 7680K, reserved 1056768K
  class space    used 644K, capacity 688K, committed 768K, reserved 1048576K

Card table byte_map: [0x0000000011d40000,0x0000000011f50000] byte_map_base: 0x0000000011740000

Marking Bits: (ParMarkBitMap*) 0x0000000059cba6d0
 Begin Bits: [0x0000000012510000, 0x0000000013510000)
 End Bits:   [0x0000000013510000, 0x0000000014510000)

Polling page: 0x0000000000250000

CodeCache: size=245760Kb used=12276Kb max_used=12276Kb free=233483Kb
 bounds [0x0000000002980000, 0x0000000003590000, 0x0000000011980000]
 total_blobs=2800 nmethods=2531 adapters=182
 compilation: enabled

Compilation events (10 events):
Event: 16.846 Thread 0x000000005510c000 2674       3       com.android.dx.dex.code.form.Form20t::branchFits (22 bytes)
Event: 16.847 Thread 0x000000005510c000 nmethod 2674 0x0000000003583cd0 code [0x0000000003583e80, 0x00000000035845b8]
Event: 16.854 Thread 0x000000005510c000 2675       1       com.android.dx.dex.code.CatchHandlerList$Entry::getExceptionType (5 bytes)
Event: 16.855 Thread 0x000000005510c000 nmethod 2675 0x0000000003583a10 code [0x0000000003583b60, 0x0000000003583c70]
Event: 16.858 Thread 0x000000005510c000 2676       3       com.android.dx.dex.file.StringIdsSection::get (49 bytes)
Event: 16.859 Thread 0x000000005510c000 nmethod 2676 0x0000000003582d10 code [0x0000000003582f00, 0x0000000003583738]
Event: 16.875 Thread 0x000000005510c000 2678       3       com.android.dx.util.ByteArrayAnnotatedOutput::writeUleb128 (34 bytes)
Event: 16.875 Thread 0x000000005510c000 nmethod 2678 0x0000000003582890 code [0x0000000003582a00, 0x0000000003582c38]
Event: 16.881 Thread 0x000000005510c000 2679       3       com.android.dx.dex.code.form.Form12x::compatibleRegs (159 bytes)
Event: 16.883 Thread 0x000000005510c000 nmethod 2679 0x0000000003584dd0 code [0x0000000003585100, 0x0000000003586968]

GC Heap History (10 events):
Event: 3.670 GC heap before
{Heap before GC invocations=1 (full 0):
 PSYoungGen      total 37888K, used 32768K [0x00000000eab00000, 0x00000000ed500000, 0x0000000100000000)
  eden space 32768K, 100% used [0x00000000eab00000,0x00000000ecb00000,0x00000000ecb00000)
  from space 5120K, 0% used [0x00000000ed000000,0x00000000ed000000,0x00000000ed500000)
  to   space 5120K, 0% used [0x00000000ecb00000,0x00000000ecb00000,0x00000000ed000000)
 ParOldGen       total 86016K, used 0K [0x00000000c0000000, 0x00000000c5400000, 0x00000000eab00000)
  object space 86016K, 0% used [0x00000000c0000000,0x00000000c0000000,0x00000000c5400000)
 Metaspace       used 6012K, capacity 6898K, committed 7040K, reserved 1056768K
  class space    used 603K, capacity 618K, committed 640K, reserved 1048576K
Event: 3.732 GC heap after
Heap after GC invocations=1 (full 0):
 PSYoungGen      total 37888K, used 5090K [0x00000000eab00000, 0x00000000ef500000, 0x0000000100000000)
  eden space 32768K, 0% used [0x00000000eab00000,0x00000000eab00000,0x00000000ecb00000)
  from space 5120K, 99% used [0x00000000ecb00000,0x00000000ecff8aa8,0x00000000ed000000)
  to   space 5120K, 0% used [0x00000000ef000000,0x00000000ef000000,0x00000000ef500000)
 ParOldGen       total 86016K, used 757K [0x00000000c0000000, 0x00000000c5400000, 0x00000000eab00000)
  object space 86016K, 0% used [0x00000000c0000000,0x00000000c00bd6a0,0x00000000c5400000)
 Metaspace       used 6012K, capacity 6898K, committed 7040K, reserved 1056768K
  class space    used 603K, capacity 618K, committed 640K, reserved 1048576K
}
Event: 4.308 GC heap before
{Heap before GC invocations=2 (full 0):
 PSYoungGen      total 37888K, used 37858K [0x00000000eab00000, 0x00000000ef500000, 0x0000000100000000)
  eden space 32768K, 100% used [0x00000000eab00000,0x00000000ecb00000,0x00000000ecb00000)
  from space 5120K, 99% used [0x00000000ecb00000,0x00000000ecff8aa8,0x00000000ed000000)
  to   space 5120K, 0% used [0x00000000ef000000,0x00000000ef000000,0x00000000ef500000)
 ParOldGen       total 86016K, used 757K [0x00000000c0000000, 0x00000000c5400000, 0x00000000eab00000)
  object space 86016K, 0% used [0x00000000c0000000,0x00000000c00bd6a0,0x00000000c5400000)
 Metaspace       used 6161K, capacity 7026K, committed 7296K, reserved 1056768K
  class space    used 604K, capacity 618K, committed 640K, reserved 1048576K
Event: 4.347 GC heap after
Heap after GC invocations=2 (full 0):
 PSYoungGen      total 70656K, used 5115K [0x00000000eab00000, 0x00000000ef500000, 0x0000000100000000)
  eden space 65536K, 0% used [0x00000000eab00000,0x00000000eab00000,0x00000000eeb00000)
  from space 5120K, 99% used [0x00000000ef000000,0x00000000ef4fec40,0x00000000ef500000)
  to   space 5120K, 0% used [0x00000000eeb00000,0x00000000eeb00000,0x00000000ef000000)
 ParOldGen       total 86016K, used 4703K [0x00000000c0000000, 0x00000000c5400000, 0x00000000eab00000)
  object space 86016K, 5% used [0x00000000c0000000,0x00000000c0497ca0,0x00000000c5400000)
 Metaspace       used 6161K, capacity 7026K, committed 7296K, reserved 1056768K
  class space    used 604K, capacity 618K, committed 640K, reserved 1048576K
}
Event: 10.040 GC heap before
{Heap before GC invocations=3 (full 0):
 PSYoungGen      total 70656K, used 70651K [0x00000000eab00000, 0x00000000ef500000, 0x0000000100000000)
  eden space 65536K, 100% used [0x00000000eab00000,0x00000000eeb00000,0x00000000eeb00000)
  from space 5120K, 99% used [0x00000000ef000000,0x00000000ef4fec40,0x00000000ef500000)
  to   space 5120K, 0% used [0x00000000eeb00000,0x00000000eeb00000,0x00000000ef000000)
 ParOldGen       total 86016K, used 4703K [0x00000000c0000000, 0x00000000c5400000, 0x00000000eab00000)
  object space 86016K, 5% used [0x00000000c0000000,0x00000000c0497ca0,0x00000000c5400000)
 Metaspace       used 6292K, capacity 7154K, committed 7296K, reserved 1056768K
  class space    used 605K, capacity 618K, committed 640K, reserved 1048576K
Event: 10.090 GC heap after
Heap after GC invocations=3 (full 0):
 PSYoungGen      total 70656K, used 5109K [0x00000000eab00000, 0x00000000f3500000, 0x0000000100000000)
  eden space 65536K, 0% used [0x00000000eab00000,0x00000000eab00000,0x00000000eeb00000)
  from space 5120K, 99% used [0x00000000eeb00000,0x00000000eeffd480,0x00000000ef000000)
  to   space 5120K, 0% used [0x00000000f3000000,0x00000000f3000000,0x00000000f3500000)
 ParOldGen       total 86016K, used 14781K [0x00000000c0000000, 0x00000000c5400000, 0x00000000eab00000)
  object space 86016K, 17% used [0x00000000c0000000,0x00000000c0e6f4f8,0x00000000c5400000)
 Metaspace       used 6292K, capacity 7154K, committed 7296K, reserved 1056768K
  class space    used 605K, capacity 618K, committed 640K, reserved 1048576K
}
Event: 11.387 GC heap before
{Heap before GC invocations=4 (full 0):
 PSYoungGen      total 70656K, used 70645K [0x00000000eab00000, 0x00000000f3500000, 0x0000000100000000)
  eden space 65536K, 100% used [0x00000000eab00000,0x00000000eeb00000,0x00000000eeb00000)
  from space 5120K, 99% used [0x00000000eeb00000,0x00000000eeffd480,0x00000000ef000000)
  to   space 5120K, 0% used [0x00000000f3000000,0x00000000f3000000,0x00000000f3500000)
 ParOldGen       total 86016K, used 14781K [0x00000000c0000000, 0x00000000c5400000, 0x00000000eab00000)
  object space 86016K, 17% used [0x00000000c0000000,0x00000000c0e6f4f8,0x00000000c5400000)
 Metaspace       used 6405K, capacity 7192K, committed 7424K, reserved 1056768K
  class space    used 625K, capacity 656K, committed 768K, reserved 1048576K
Event: 11.439 GC heap after
Heap after GC invocations=4 (full 0):
 PSYoungGen      total 136192K, used 5118K [0x00000000eab00000, 0x00000000f3500000, 0x0000000100000000)
  eden space 131072K, 0% used [0x00000000eab00000,0x00000000eab00000,0x00000000f2b00000)
  from space 5120K, 99% used [0x00000000f3000000,0x00000000f34ffab8,0x00000000f3500000)
  to   space 5120K, 0% used [0x00000000f2b00000,0x00000000f2b00000,0x00000000f3000000)
 ParOldGen       total 86016K, used 24465K [0x00000000c0000000, 0x00000000c5400000, 0x00000000eab00000)
  object space 86016K, 28% used [0x00000000c0000000,0x00000000c17e4748,0x00000000c5400000)
 Metaspace       used 6405K, capacity 7192K, committed 7424K, reserved 1056768K
  class space    used 625K, capacity 656K, committed 768K, reserved 1048576K
}
Event: 15.277 GC heap before
{Heap before GC invocations=5 (full 0):
 PSYoungGen      total 136192K, used 136190K [0x00000000eab00000, 0x00000000f3500000, 0x0000000100000000)
  eden space 131072K, 100% used [0x00000000eab00000,0x00000000f2b00000,0x00000000f2b00000)
  from space 5120K, 99% used [0x00000000f3000000,0x00000000f34ffab8,0x00000000f3500000)
  to   space 5120K, 0% used [0x00000000f2b00000,0x00000000f2b00000,0x00000000f3000000)
 ParOldGen       total 86016K, used 24465K [0x00000000c0000000, 0x00000000c5400000, 0x00000000eab00000)
  object space 86016K, 28% used [0x00000000c0000000,0x00000000c17e4748,0x00000000c5400000)
 Metaspace       used 6496K, capacity 7256K, committed 7424K, reserved 1056768K
  class space    used 626K, capacity 656K, committed 768K, reserved 1048576K
Event: 15.451 GC heap after
Heap after GC invocations=5 (full 0):
 PSYoungGen      total 136192K, used 5108K [0x00000000eab00000, 0x00000000fdf00000, 0x0000000100000000)
  eden space 131072K, 0% used [0x00000000eab00000,0x00000000eab00000,0x00000000f2b00000)
  from space 5120K, 99% used [0x00000000f2b00000,0x00000000f2ffd0f0,0x00000000f3000000)
  to   space 26624K, 0% used [0x00000000fc500000,0x00000000fc500000,0x00000000fdf00000)
 ParOldGen       total 86016K, used 43593K [0x00000000c0000000, 0x00000000c5400000, 0x00000000eab00000)
  object space 86016K, 50% used [0x00000000c0000000,0x00000000c2a92630,0x00000000c5400000)
 Metaspace       used 6496K, capacity 7256K, committed 7424K, reserved 1056768K
  class space    used 626K, capacity 656K, committed 768K, reserved 1048576K
}

Deoptimization events (10 events):
Event: 16.022 Thread 0x0000000056f75000 Uncommon trap: reason=class_check action=maybe_recompile pc=0x0000000002e19478 method=java.util.Arrays.hashCode([Ljava/lang/Object;)I @ 43
Event: 16.022 Thread 0x0000000056f75000 Uncommon trap: reason=class_check action=maybe_recompile pc=0x0000000002e19478 method=java.util.Arrays.hashCode([Ljava/lang/Object;)I @ 43
Event: 16.022 Thread 0x0000000056f75000 Uncommon trap: reason=class_check action=maybe_recompile pc=0x0000000002e13628 method=java.util.Arrays.hashCode([Ljava/lang/Object;)I @ 43
Event: 16.459 Thread 0x0000000056f75000 Uncommon trap: reason=speculate_class_check action=maybe_recompile pc=0x0000000002d0d330 method=com.android.dx.util.FixedSizeList.equals(Ljava/lang/Object;)Z @ 25
Event: 16.460 Thread 0x0000000056f75000 Uncommon trap: reason=unstable_if action=reinterpret pc=0x0000000002cd9138 method=java.util.Arrays.equals([Ljava/lang/Object;[Ljava/lang/Object;)Z @ 23
Event: 16.501 Thread 0x0000000056f75000 Uncommon trap: reason=speculate_class_check action=maybe_recompile pc=0x0000000002d0d330 method=com.android.dx.util.FixedSizeList.equals(Ljava/lang/Object;)Z @ 25
Event: 16.501 Thread 0x0000000056f75000 Uncommon trap: reason=speculate_class_check action=maybe_recompile pc=0x0000000002d0d330 method=com.android.dx.util.FixedSizeList.equals(Ljava/lang/Object;)Z @ 25
Event: 16.501 Thread 0x0000000056f75000 Uncommon trap: reason=speculate_class_check action=maybe_recompile pc=0x0000000002d0d330 method=com.android.dx.util.FixedSizeList.equals(Ljava/lang/Object;)Z @ 25
Event: 16.631 Thread 0x0000000056f75000 Uncommon trap: reason=unstable_if action=reinterpret pc=0x00000000031ab458 method=java.util.TreeMap.put(Ljava/lang/Object;Ljava/lang/Object;)Ljava/lang/Object; @ 163
Event: 16.660 Thread 0x0000000056f75000 Uncommon trap: reason=unstable_if action=reinterpret pc=0x00000000034f7488 method=com.android.dx.rop.code.RegisterSpec.matchesVariable(Lcom/android/dx/rop/code/RegisterSpec;)Z @ 59

Internal exceptions (6 events):
Event: 0.141 Thread 0x000000000228e000 Exception <a 'java/lang/NoSuchMethodError': Method sun.misc.Unsafe.defineClass(Ljava/lang/String;[BII)Ljava/lang/Class; name or signature does not match> (0x00000000eab07cc0) thrown at [C:\re\workspace\8-2-build-windows-amd64-cygwin\jdk8u101\7261\hotspot\sûž€•Â?
Event: 0.141 Thread 0x000000000228e000 Exception <a 'java/lang/NoSuchMethodError': Method sun.misc.Unsafe.prefetchRead(Ljava/lang/Object;J)V name or signature does not match> (0x00000000eab07fa8) thrown at [C:\re\workspace\8-2-build-windows-amd64-cygwin\jdk8u101\7261\hotspot\src\share\vm\prims\%#øŠ“&@
Event: 11.288 Thread 0x0000000056f71800 Exception <a 'java/lang/ArrayIndexOutOfBoundsException': 18> (0x00000000edbca968) thrown at [C:\re\workspace\8-2-build-windows-amd64-cygwin\jdk8u101\7261\hotspot\src\share\vm\interpreter\interpreterRuntime.cpp, line 366]
Event: 11.289 Thread 0x0000000056f71800 Exception <a 'java/lang/ArrayIndexOutOfBoundsException': 145> (0x00000000edbcc4e8) thrown at [C:\re\workspace\8-2-build-windows-amd64-cygwin\jdk8u101\7261\hotspot\src\share\vm\interpreter\interpreterRuntime.cpp, line 366]
Event: 11.306 Thread 0x0000000056f71800 Exception <a 'java/lang/ArrayIndexOutOfBoundsException'> (0x00000000edbcd7d0) thrown at [C:\re\workspace\8-2-build-windows-amd64-cygwin\jdk8u101\7261\hotspot\src\share\vm\runtime\sharedRuntime.cpp, line 605]
Event: 11.560 Thread 0x0000000056f75000 Implicit null exception at 0x000000000324d53b to 0x000000000324ebd9

Events (10 events):
Event: 16.755 Thread 0x0000000056f75000 DEOPT PACKING pc=0x00000000034da2bd sp=0x000000005753ecc0
Event: 16.755 Thread 0x0000000056f75000 DEOPT UNPACKING pc=0x00000000029c747f sp=0x000000005753ea30 mode 0
Event: 16.764 Thread 0x0000000056f75000 DEOPT PACKING pc=0x00000000034ea458 sp=0x000000005753eaf0
Event: 16.764 Thread 0x0000000056f75000 DEOPT UNPACKING pc=0x00000000029c747f sp=0x000000005753e938 mode 0
Event: 16.769 Thread 0x0000000056f75000 DEOPT PACKING pc=0x00000000034da2bd sp=0x000000005753ecc0
Event: 16.769 Thread 0x0000000056f75000 DEOPT UNPACKING pc=0x00000000029c747f sp=0x000000005753ea30 mode 0
Event: 16.777 Thread 0x0000000056f75000 DEOPT PACKING pc=0x00000000034da2bd sp=0x000000005753ecc0
Event: 16.777 Thread 0x0000000056f75000 DEOPT UNPACKING pc=0x00000000029c747f sp=0x000000005753ea30 mode 0
Event: 16.808 Thread 0x0000000056f75000 DEOPT PACKING pc=0x00000000034e0dfb sp=0x000000005753ebe0
Event: 16.808 Thread 0x0000000056f75000 DEOPT UNPACKING pc=0x00000000029c747f sp=0x000000005753e960 mode 0


Dynamic libraries:
0x000000013fff0000 - 0x0000000140027000 	C:\Program Files\Java\jdk1.8.0_101\bin\java.exe
0x0000000077350000 - 0x00000000774fa000 	C:\Windows\SYSTEM32\ntdll.dll
0x0000000077230000 - 0x000000007734f000 	C:\Windows\system32\kernel32.dll
0x000007fefd0c0000 - 0x000007fefd12a000 	C:\Windows\system32\KERNELBASE.dll
0x000007feff580000 - 0x000007feff65b000 	C:\Windows\system32\ADVAPI32.dll
0x000007feff450000 - 0x000007feff4ef000 	C:\Windows\system32\msvcrt.dll
0x000007fefdbf0000 - 0x000007fefdc0f000 	C:\Windows\SYSTEM32\sechost.dll
0x000007fefdcc0000 - 0x000007fefdded000 	C:\Windows\system32\RPCRT4.dll
0x0000000077130000 - 0x000000007722a000 	C:\Windows\system32\USER32.dll
0x000007feff2a0000 - 0x000007feff307000 	C:\Windows\system32\GDI32.dll
0x000007fefdc10000 - 0x000007fefdc1e000 	C:\Windows\system32\LPK.dll
0x000007fefe440000 - 0x000007fefe50a000 	C:\Windows\system32\USP10.dll
0x000007fefc0f0000 - 0x000007fefc2e4000 	C:\Windows\WinSxS\amd64_microsoft.windows.common-controls_6595b64144ccf1df_6.0.7601.18837_none_fa3b1e3d17594757\COMCTL32.dll
0x000007fefe1b0000 - 0x000007fefe221000 	C:\Windows\system32\SHLWAPI.dll
0x000007feff310000 - 0x000007feff33e000 	C:\Windows\system32\IMM32.DLL
0x000007feff340000 - 0x000007feff449000 	C:\Windows\system32\MSCTF.dll
0x000007fefd1b0000 - 0x000007fefd1b5000 	C:\Windows\system32\api-ms-win-downlevel-advapi32-l1-1-0.dll
0x000007fefce90000 - 0x000007fefceb5000 	C:\Windows\system32\SspiCli.dll
0x0000000066550000 - 0x0000000066622000 	C:\Program Files\Java\jdk1.8.0_101\jre\bin\msvcr100.dll
0x00000000594a0000 - 0x0000000059d3a000 	C:\Program Files\Java\jdk1.8.0_101\jre\bin\server\jvm.dll
0x000007fef72e0000 - 0x000007fef72e9000 	C:\Windows\system32\WSOCK32.dll
0x000007fefdba0000 - 0x000007fefdbed000 	C:\Windows\system32\WS2_32.dll
0x000007feff570000 - 0x000007feff578000 	C:\Windows\system32\NSI.dll
0x000007fefabb0000 - 0x000007fefabeb000 	C:\Windows\system32\WINMM.dll
0x000007fefbe10000 - 0x000007fefbe1c000 	C:\Windows\system32\VERSION.dll
0x0000000077510000 - 0x0000000077517000 	C:\Windows\system32\PSAPI.DLL
0x0000000074d00000 - 0x0000000074d0f000 	C:\Program Files\Java\jdk1.8.0_101\jre\bin\verify.dll
0x0000000074cd0000 - 0x0000000074cf9000 	C:\Program Files\Java\jdk1.8.0_101\jre\bin\java.dll
0x0000000074cb0000 - 0x0000000074cc6000 	C:\Program Files\Java\jdk1.8.0_101\jre\bin\zip.dll
0x000007fefe510000 - 0x000007feff29c000 	C:\Windows\system32\SHELL32.dll
0x000007fefe230000 - 0x000007fefe433000 	C:\Windows\system32\ole32.dll
0x000007fefd080000 - 0x000007fefd08f000 	C:\Windows\system32\profapi.dll

VM Arguments:
jvm_args: -Djava.awt.headless=true -Xmx1024M -Dfile.encoding=windows-1252 -Duser.country=US -Duser.language=en -Duser.variant 
java_command: com.android.dx.command.Main --dex --force-jumbo --num-threads=4 --multi-dex --output C:\Users\Paul\AndroidStudioProjects\AndroidWear\app\build\intermediates\transforms\dex\debug\folders\1000\10\com.android.support-appcompat-v7-24.1.1_730657466dd4eee489b11708acf82273ef26ab75 C:\Users\Paul\AndroidStudioProjects\AndroidWear\app\build\intermediates\exploded-aar\com.android.support\appcompat-v7\24.1.1\jars\classes.jar
java_class_path (initial): C:\Users\Paul\AppData\Local\Android\sdk\build-tools\23.0.3\lib\dx.jar
Launcher Type: SUN_STANDARD

Environment Variables:
CLASSPATH=%CLASSPATH%;JUnit\junit4.12.jar;JUnit\junit4.12.jar;JUnit\junit4.12.jar
PATH=C:\PROGRAMDATA\ORACLE\JAVA\JAVAPATH;C:\PYTHON27\;C:\PYTHON27\SCRIPTS;C:\PYTHON34\;C:\PYTHON34\SCRIPTS;C:\Windows\SYSTEM32;C:\Windows;C:\Windows\SYSTEM32\WBEM;C:\Windows\SYSTEM32\WINDOWSPOWERSHELL\V1.0\;C:\PROGRAM FILES\INTEL\WIFI\BIN\;C:\PROGRAM FILES\COMMON FILES\INTEL\WIRELESSCOMMON\;C:\PROGRAM FILES\CRUCIAL\CRUCIAL STORAGE EXECUTIVE\;C:\PYTHON30\;C:\PROGRAM FILES\GIT\CMD\;C:\PROGRAM FILES\CRUCIAL\CRUCIAL STORAGE EXECUTIVE;C:\USERS\PAUL\APPDATA\LOCAL\ANDROID\SDK\PLATFORM-TOOLS\;C:\USERS\PAUL\GRADLE;C:\PROGRAM FILES (X86)\LENOVO\ACCESS CONNECTIONS\;C:\SQLITE\;C:\JUNIT;C:\PROGRAM FILES (X86)\SKYPE\PHONE\;;C:\Program Files\WIDCOMM\Bluetooth Software\;C:\Program Files\WIDCOMM\Bluetooth Software\syswow64;C:\Program Files\Intel\WiFi\bin\;C:\Program Files\Common Files\Intel\WirelessCommon\
USERNAME=Paul
OS=Windows_NT
PROCESSOR_IDENTIFIER=Intel64 Family 6 Model 37 Stepping 5, GenuineIntel



---------------  S Y S T E M  ---------------

OS: Windows 7 , 64 bit Build 7601 (6.1.7601.23539)

CPU:total 4 (2 cores per cpu, 2 threads per core) family 6 model 37 stepping 5, cmov, cx8, fxsr, mmx, sse, sse2, sse3, ssse3, sse4.1, sse4.2, popcnt, aes, clmul, ht, tsc, tscinvbit

Memory: 4k page, physical 8179368k(1045628k free), swap 8177508k(5244k free)

vm_info: Java HotSpot(TM) 64-Bit Server VM (25.101-b13) for windows-amd64 JRE (1.8.0_101-b13), built on Jun 22 2016 01:21:29 by "java_re" with MS VC++ 10.0 (VS2010)

time: Sat Sep 17 17:45:55 2016
elapsed time: 16 seconds (0d 0h 0m 16s)

